0 info it worked if it ends with ok
1 verbose cli [ 'C:\\Program Files\\nodejs\\node.exe',
1 verbose cli   'C:\\Program Files\\nodejs\\node_modules\\npm\\bin\\npm-cli.js',
1 verbose cli   'install',
1 verbose cli   '-g',
1 verbose cli   'n' ]
2 info using npm@2.15.11
3 info using node@v4.7.0
4 verbose install initial load of C:\Users\Administrator\AppData\Roaming\npm\package.json
5 verbose readDependencies loading dependencies from C:\Users\Administrator\AppData\Roaming\npm\package.json
6 silly cache add args [ 'n', null ]
7 verbose cache add spec n
8 silly cache add parsed spec Result {
8 silly cache add   raw: 'n',
8 silly cache add   scope: null,
8 silly cache add   name: 'n',
8 silly cache add   rawSpec: '',
8 silly cache add   spec: 'latest',
8 silly cache add   type: 'tag' }
9 silly addNamed n@latest
10 verbose addNamed "latest" is being treated as a dist-tag for n
11 info addNameTag [ 'n', 'latest' ]
12 silly mapToRegistry name n
13 silly mapToRegistry using default registry
14 silly mapToRegistry registry http://registry.npm.taobao.org/
15 silly mapToRegistry data Result {
15 silly mapToRegistry   raw: 'n',
15 silly mapToRegistry   scope: null,
15 silly mapToRegistry   name: 'n',
15 silly mapToRegistry   rawSpec: '',
15 silly mapToRegistry   spec: 'latest',
15 silly mapToRegistry   type: 'tag' }
16 silly mapToRegistry uri http://registry.npm.taobao.org/n
17 verbose addNameTag registry:http://registry.npm.taobao.org/n not in flight; fetching
18 verbose request uri http://registry.npm.taobao.org/n
19 verbose request no auth needed
20 info attempt registry request try #1 at 12:44:56
21 verbose request id 31dec6562677cc23
22 http request GET http://registry.npm.taobao.org/n
23 http 200 http://registry.npm.taobao.org/n
24 verbose headers { server: 'nginx/1.4.6 (Ubuntu)',
24 verbose headers   date: 'Mon, 30 Apr 2018 04:44:56 GMT',
24 verbose headers   'content-type': 'application/json; charset=utf-8',
24 verbose headers   'content-length': '90509',
24 verbose headers   connection: 'keep-alive',
24 verbose headers   'x-current-requests': '1',
24 verbose headers   vary: 'Origin',
24 verbose headers   etag: '"1618d-/iAQ/5So8GnVR73ivFRibZLYaGE"',
24 verbose headers   'x-readtime': '90' }
25 silly get cb [ 200,
25 silly get   { server: 'nginx/1.4.6 (Ubuntu)',
25 silly get     date: 'Mon, 30 Apr 2018 04:44:56 GMT',
25 silly get     'content-type': 'application/json; charset=utf-8',
25 silly get     'content-length': '90509',
25 silly get     connection: 'keep-alive',
25 silly get     'x-current-requests': '1',
25 silly get     vary: 'Origin',
25 silly get     etag: '"1618d-/iAQ/5So8GnVR73ivFRibZLYaGE"',
25 silly get     'x-readtime': '90' } ]
26 verbose get saving n to C:\Users\Administrator\AppData\Roaming\npm-cache\registry.npm.taobao.org\n\.cache.json
27 verbose correctMkdir C:\Users\Administrator\AppData\Roaming\npm-cache correctMkdir not in flight; initializing
28 silly addNameTag next cb for n with tag latest
29 silly addNamed n@2.1.8
30 verbose addNamed "2.1.8" is a plain semver version for n
31 silly cache afterAdd n@2.1.8
32 verbose afterAdd C:\Users\Administrator\AppData\Roaming\npm-cache\n\2.1.8\package\package.json not in flight; writing
33 verbose correctMkdir C:\Users\Administrator\AppData\Roaming\npm-cache correctMkdir not in flight; initializing
34 verbose afterAdd C:\Users\Administrator\AppData\Roaming\npm-cache\n\2.1.8\package\package.json written
35 silly install resolved [ { name: 'n',
35 silly install resolved     description: 'Interactively Manage All Your Node Versions',
35 silly install resolved     version: '2.1.8',
35 silly install resolved     author: { name: 'TJ Holowaychuk', email: 'tj@vision-media.ca' },
35 silly install resolved     homepage: 'https://github.com/tj/n',
35 silly install resolved     bugs: { url: 'https://github.com/tj/n/issues' },
35 silly install resolved     contributors: [ [Object], [Object], [Object] ],
35 silly install resolved     keywords:
35 silly install resolved      [ 'nvm',
35 silly install resolved        'node',
35 silly install resolved        'version',
35 silly install resolved        'manager',
35 silly install resolved        'switcher',
35 silly install resolved        'node',
35 silly install resolved        'binary',
35 silly install resolved        'env' ],
35 silly install resolved     bin: { n: './bin/n' },
35 silly install resolved     repository: { type: 'git', url: 'git://github.com/tj/n.git' },
35 silly install resolved     preferGlobal: true,
35 silly install resolved     os: [ '!win32' ],
35 silly install resolved     engines: { node: '*' },
35 silly install resolved     license: 'MIT',
35 silly install resolved     gitHead: '14ab6ff01f3b673e2e29f465a00e0b29643bb8d9',
35 silly install resolved     _id: 'n@2.1.8',
35 silly install resolved     _npmVersion: '5.0.3',
35 silly install resolved     _nodeVersion: '8.1.2',
35 silly install resolved     _npmUser: { name: 'troy0820', email: 'troy0820@gmail.com' },
35 silly install resolved     dist:
35 silly install resolved      { integrity: 'sha512-VN3To6jBHSdTHmv+fT00V1nBdj3MWdcOlEKBEaUtXKRqQhuN289B9Jym9P/L3rXfafAsapmh4Fcr/DUR8DGJVg==',
35 silly install resolved        shasum: '9b770f6ae0a93c49c64fb614625a63cc5a22d1fd',
35 silly install resolved        tarball: 'https://registry.npmjs.org/n/-/n-2.1.8.tgz' },
35 silly install resolved     maintainers: [ [Object], [Object], [Object], [Object], [Object], [Object] ],
35 silly install resolved     _npmOperationalInternal:
35 silly install resolved      { host: 's3://npm-registry-packages',
35 silly install resolved        tmp: 'tmp/n-2.1.8.tgz_1498880450388_0.9696143395267427' },
35 silly install resolved     directories: {},
35 silly install resolved     _shasum: '9b770f6ae0a93c49c64fb614625a63cc5a22d1fd',
35 silly install resolved     _resolved: 'https://registry.npmjs.org/n/-/n-2.1.8.tgz',
35 silly install resolved     _from: 'n@latest',
35 silly install resolved     readme: 'ERROR: No README data found!' } ]
36 info install n@2.1.8 into C:\Users\Administrator\AppData\Roaming\npm
37 info installOne n@2.1.8
38 verbose installOne of n to C:\Users\Administrator\AppData\Roaming\npm not in flight; installing
39 verbose correctMkdir C:\Users\Administrator\AppData\Roaming\npm-cache\_locks correctMkdir not in flight; initializing
40 verbose lock using C:\Users\Administrator\AppData\Roaming\npm-cache\_locks\n-8c2d2dc114ffac86.lock for C:\Users\Administrator\AppData\Roaming\npm\node_modules\n
41 verbose unlock done using C:\Users\Administrator\AppData\Roaming\npm-cache\_locks\n-8c2d2dc114ffac86.lock for C:\Users\Administrator\AppData\Roaming\npm\node_modules\n
42 verbose stack Error: Unsupported
42 verbose stack     at checkPlatform (C:\Program Files\nodejs\node_modules\npm\node_modules\npm-install-checks\index.js:47:14)
42 verbose stack     at Array.<anonymous> (C:\Program Files\nodejs\node_modules\npm\node_modules\slide\lib\bind-actor.js:15:8)
42 verbose stack     at LOOP (C:\Program Files\nodejs\node_modules\npm\node_modules\slide\lib\chain.js:15:14)
42 verbose stack     at C:\Program Files\nodejs\node_modules\npm\node_modules\slide\lib\chain.js:18:7
42 verbose stack     at checkEngine (C:\Program Files\nodejs\node_modules\npm\node_modules\npm-install-checks\index.js:26:10)
42 verbose stack     at Array.<anonymous> (C:\Program Files\nodejs\node_modules\npm\node_modules\slide\lib\bind-actor.js:15:8)
42 verbose stack     at LOOP (C:\Program Files\nodejs\node_modules\npm\node_modules\slide\lib\chain.js:15:14)
42 verbose stack     at chain (C:\Program Files\nodejs\node_modules\npm\node_modules\slide\lib\chain.js:20:5)
42 verbose stack     at C:\Program Files\nodejs\node_modules\npm\lib\install.js:1038:5
42 verbose stack     at C:\Program Files\nodejs\node_modules\npm\lib\utils\locker.js:39:7
43 verbose pkgid n@2.1.8
44 verbose cwd C:\Users\Administrator\Desktop\goodbuy
45 error Windows_NT 10.0.14393
46 error argv "C:\\Program Files\\nodejs\\node.exe" "C:\\Program Files\\nodejs\\node_modules\\npm\\bin\\npm-cli.js" "install" "-g" "n"
47 error node v4.7.0
48 error npm  v2.15.11
49 error code EBADPLATFORM
50 error notsup Unsupported
50 error notsup Not compatible with your operating system or architecture: n@2.1.8
50 error notsup Valid OS:    !win32
50 error notsup Valid Arch:  any
50 error notsup Actual OS:   win32
50 error notsup Actual Arch: x64
51 verbose exit [ 1, true ]
